meme-multimodal-V2/android/app/build/intermediates/manifest_merge_blame_file/release/manifest-merger-blame-release-report.txt
1<?xml version="1.0" encoding="utf-8"?>
2<manifest xmlns:android="http://schemas.android.com/apk/res/android"
3    package="com.memegenai"
4    android:versionCode="1"
5    android:versionName="1.0" >
6
7    <uses-sdk
8        android:minSdkVersion="23"
8-->src/main/AndroidManifest.xml
9        android:targetSdkVersion="34" />
9-->src/main/AndroidManifest.xml
10
11    <uses-permission android:name="android.permission.INTERNET" />
11-->src/main/AndroidManifest.xml:3:5-67
11-->src/main/AndroidManifest.xml:3:22-64
12    <uses-permission android:name="android.permission.RECORD_AUDIO" />
12-->src/main/AndroidManifest.xml:4:5-71
12-->src/main/AndroidManifest.xml:4:22-68
13    <uses-permission android:name="android.permission.CAMERA" />
13-->src/main/AndroidManifest.xml:5:5-65
13-->src/main/AndroidManifest.xml:5:22-62
14    <uses-permission android:name="android.permission.READ_EXTERNAL_STORAGE" />
14-->src/main/AndroidManifest.xml:6:5-80
14-->src/main/AndroidManifest.xml:6:22-77
15    <uses-permission android:name="android.permission.WRITE_EXTERNAL_STORAGE" />
15-->src/main/AndroidManifest.xml:7:5-81
15-->src/main/AndroidManifest.xml:7:22-78
16    <uses-permission android:name="android.permission.READ_MEDIA_IMAGES" />
16-->src/main/AndroidManifest.xml:8:5-76
16-->src/main/AndroidManifest.xml:8:22-73
17
18    <uses-feature
18-->src/main/AndroidManifest.xml:9:5-85
19        android:name="android.hardware.camera"
19-->src/main/AndroidManifest.xml:9:19-57
20        android:required="false" />
20-->src/main/AndroidManifest.xml:9:58-82
21
22    <application
23        android:name="com.memegenai.MainApplication"
23-->src/main/AndroidManifest.xml:12:7-38
24        android:allowBackup="false"
24-->src/main/AndroidManifest.xml:16:7-34
25        android:appComponentFactory="androidx.core.app.CoreComponentFactory"
25-->[androidx.core:core:1.8.0] AndroidManifest.xml:24:18-86
26        android:extractNativeLibs="false"
27        android:icon="@mipmap/ic_launcher"
27-->src/main/AndroidManifest.xml:14:7-41
28        android:label="@string/app_name"
28-->src/main/AndroidManifest.xml:13:7-39
29        android:roundIcon="@mipmap/ic_launcher_round"
29-->src/main/AndroidManifest.xml:15:7-52
30        android:supportsRtl="true"
30-->src/main/AndroidManifest.xml:19:7-33
31        android:theme="@style/AppTheme"
31-->src/main/AndroidManifest.xml:17:7-38
32        android:usesCleartextTraffic="false" >
32-->src/main/AndroidManifest.xml:18:7-61
33        <activity
33-->src/main/AndroidManifest.xml:20:7-31:18
34            android:name="com.memegenai.MainActivity"
34-->src/main/AndroidManifest.xml:21:9-37
35            android:configChanges="keyboard|keyboardHidden|orientation|screenLayout|screenSize|smallestScreenSize|uiMode"
35-->src/main/AndroidManifest.xml:23:9-118
36            android:exported="true"
36-->src/main/AndroidManifest.xml:26:9-32
37            android:label="@string/app_name"
37-->src/main/AndroidManifest.xml:22:9-41
38            android:launchMode="singleTask"
38-->src/main/AndroidManifest.xml:24:9-40
39            android:windowSoftInputMode="adjustResize" >
39-->src/main/AndroidManifest.xml:25:9-51
40            <intent-filter>
40-->src/main/AndroidManifest.xml:27:9-30:25
41                <action android:name="android.intent.action.MAIN" />
41-->src/main/AndroidManifest.xml:28:13-65
41-->src/main/AndroidManifest.xml:28:21-62
42
43                <category android:name="android.intent.category.LAUNCHER" />
43-->src/main/AndroidManifest.xml:29:13-73
43-->src/main/AndroidManifest.xml:29:23-70
44            </intent-filter>
45        </activity>
46
47        <provider
47-->[:react-native-image-picker] AndroidManifest.xml:8:9-16:20
48            android:name="com.imagepicker.ImagePickerProvider"
48-->[:react-native-image-picker] AndroidManifest.xml:9:13-63
49            android:authorities="com.memegenai.imagepickerprovider"
49-->[:react-native-image-picker] AndroidManifest.xml:10:13-71
50            android:exported="false"
50-->[:react-native-image-picker] AndroidManifest.xml:11:13-37
51            android:grantUriPermissions="true" >
51-->[:react-native-image-picker] AndroidManifest.xml:12:13-47
52            <meta-data
52-->[:react-native-image-picker] AndroidManifest.xml:13:13-15:70
53                android:name="android.support.FILE_PROVIDER_PATHS"
53-->[:react-native-image-picker] AndroidManifest.xml:14:17-67
54                android:resource="@xml/imagepicker_provider_paths" />
54-->[:react-native-image-picker] AndroidManifest.xml:15:17-67
55        </provider>
56        <provider
56-->[:react-native-share] AndroidManifest.xml:8:9-16:20
57            android:name="cl.json.RNShareFileProvider"
57-->[:react-native-share] AndroidManifest.xml:9:13-55
58            android:authorities="com.memegenai.rnshare.fileprovider"
58-->[:react-native-share] AndroidManifest.xml:10:13-72
59            android:exported="false"
59-->[:react-native-share] AndroidManifest.xml:11:13-37
60            android:grantUriPermissions="true" >
60-->[:react-native-share] AndroidManifest.xml:12:13-47
61            <meta-data
61-->[:react-native-image-picker] AndroidManifest.xml:13:13-15:70
62                android:name="android.support.FILE_PROVIDER_PATHS"
62-->[:react-native-image-picker] AndroidManifest.xml:14:17-67
63                android:resource="@xml/share_download_paths" />
63-->[:react-native-image-picker] AndroidManifest.xml:15:17-67
64        </provider>
65        <provider
65-->[androidx.emoji2:emoji2:1.0.0] AndroidManifest.xml:26:9-34:20
66            android:name="androidx.startup.InitializationProvider"
66-->[androidx.emoji2:emoji2:1.0.0] AndroidManifest.xml:27:13-67
67            android:authorities="com.memegenai.androidx-startup"
67-->[androidx.emoji2:emoji2:1.0.0] AndroidManifest.xml:28:13-68
68            android:exported="false" >
68-->[androidx.emoji2:emoji2:1.0.0] AndroidManifest.xml:29:13-37
69            <meta-data
69-->[androidx.emoji2:emoji2:1.0.0] AndroidManifest.xml:31:13-33:52
70                android:name="androidx.emoji2.text.EmojiCompatInitializer"
70-->[androidx.emoji2:emoji2:1.0.0] AndroidManifest.xml:32:17-75
71                android:value="androidx.startup" />
71-->[androidx.emoji2:emoji2:1.0.0] AndroidManifest.xml:33:17-49
72            <meta-data
72-->[androidx.lifecycle:lifecycle-process:2.6.1] AndroidManifest.xml:29:13-31:52
73                android:name="androidx.lifecycle.ProcessLifecycleInitializer"
73-->[androidx.lifecycle:lifecycle-process:2.6.1] AndroidManifest.xml:30:17-78
74                android:value="androidx.startup" />
74-->[androidx.lifecycle:lifecycle-process:2.6.1] AndroidManifest.xml:31:17-49
75            <meta-data
75-->[androidx.profileinstaller:profileinstaller:1.3.0] AndroidManifest.xml:29:13-31:52
76                android:name="androidx.profileinstaller.ProfileInstallerInitializer"
76-->[androidx.profileinstaller:profileinstaller:1.3.0] AndroidManifest.xml:30:17-85
77                android:value="androidx.startup" />
77-->[androidx.profileinstaller:profileinstaller:1.3.0] AndroidManifest.xml:31:17-49
78        </provider>
79
80        <receiver
80-->[androidx.profileinstaller:profileinstaller:1.3.0] AndroidManifest.xml:34:9-52:20
81            android:name="androidx.profileinstaller.ProfileInstallReceiver"
81-->[androidx.profileinstaller:profileinstaller:1.3.0] AndroidManifest.xml:35:13-76
82            android:directBootAware="false"
82-->[androidx.profileinstaller:profileinstaller:1.3.0] AndroidManifest.xml:36:13-44
83            android:enabled="true"
83-->[androidx.profileinstaller:profileinstaller:1.3.0] AndroidManifest.xml:37:13-35
84            android:exported="true"
84-->[androidx.profileinstaller:profileinstaller:1.3.0] AndroidManifest.xml:38:13-36
85            android:permission="android.permission.DUMP" >
85-->[androidx.profileinstaller:profileinstaller:1.3.0] AndroidManifest.xml:39:13-57
86            <intent-filter>
86-->[androidx.profileinstaller:profileinstaller:1.3.0] AndroidManifest.xml:40:13-42:29
87                <action android:name="androidx.profileinstaller.action.INSTALL_PROFILE" />
87-->[androidx.profileinstaller:profileinstaller:1.3.0] AndroidManifest.xml:41:17-91
87-->[androidx.profileinstaller:profileinstaller:1.3.0] AndroidManifest.xml:41:25-88
88            </intent-filter>
89            <intent-filter>
89-->[androidx.profileinstaller:profileinstaller:1.3.0] AndroidManifest.xml:43:13-45:29
90                <action android:name="androidx.profileinstaller.action.SKIP_FILE" />
90-->[androidx.profileinstaller:profileinstaller:1.3.0] AndroidManifest.xml:44:17-85
90-->[androidx.profileinstaller:profileinstaller:1.3.0] AndroidManifest.xml:44:25-82
91            </intent-filter>
92            <intent-filter>
92-->[androidx.profileinstaller:profileinstaller:1.3.0] AndroidManifest.xml:46:13-48:29
93                <action android:name="androidx.profileinstaller.action.SAVE_PROFILE" />
93-->[androidx.profileinstaller:profileinstaller:1.3.0] AndroidManifest.xml:47:17-88
93-->[androidx.profileinstaller:profileinstaller:1.3.0] AndroidManifest.xml:47:25-85
94            </intent-filter>
95            <intent-filter>
95-->[androidx.profileinstaller:profileinstaller:1.3.0] AndroidManifest.xml:49:13-51:29
96                <action android:name="androidx.profileinstaller.action.BENCHMARK_OPERATION" />
96-->[androidx.profileinstaller:profileinstaller:1.3.0] AndroidManifest.xml:50:17-95
96-->[androidx.profileinstaller:profileinstaller:1.3.0] AndroidManifest.xml:50:25-92
97            </intent-filter>
98        </receiver>
99
100        <meta-data
100-->[com.facebook.soloader:soloader:0.10.5] AndroidManifest.xml:12:9-14:37
101            android:name="com.facebook.soloader.enabled"
101-->[com.facebook.soloader:soloader:0.10.5] AndroidManifest.xml:13:13-57
102            android:value="false" />
102-->[com.facebook.soloader:soloader:0.10.5] AndroidManifest.xml:14:13-34
103    </application>
104
105</manifest>